[debug] [2023-12-07T23:48:33.596Z] ----------------------------------------------------------------------
[debug] [2023-12-07T23:48:33.597Z] Command:       C:\Program Files\nodejs\node.exe C:\Users\adith\AppData\Roaming\npm\node_modules\firebase-tools\lib\bin\firebase.js serve
[debug] [2023-12-07T23:48:33.598Z] CLI Version:   13.0.0
[debug] [2023-12-07T23:48:33.598Z] Platform:      win32
[debug] [2023-12-07T23:48:33.598Z] Node Version:  v20.9.0
[debug] [2023-12-07T23:48:33.598Z] Time:          Thu Dec 07 2023 18:48:33 GMT-0500 (Eastern Standard Time)
[debug] [2023-12-07T23:48:33.598Z] ----------------------------------------------------------------------
[debug] 
[debug] [2023-12-07T23:48:33.679Z] > command requires scopes: ["email","openid","https://www.googleapis.com/auth/cloudplatformprojects.readonly","https://www.googleapis.com/auth/firebase","https://www.googleapis.com/auth/cloud-platform"]
[debug] [2023-12-07T23:48:33.679Z] > authorizing via signed-in user (adithnishanth@gmail.com)
[debug] [2023-12-07T23:48:33.680Z] [iam] checking project traveltrek-53a65 for permissions ["firebase.projects.get"]
[debug] [2023-12-07T23:48:33.681Z] >>> [apiv2][query] POST https://cloudresourcemanager.googleapis.com/v1/projects/traveltrek-53a65:testIamPermissions [none]
[debug] [2023-12-07T23:48:33.681Z] >>> [apiv2][(partial)header] POST https://cloudresourcemanager.googleapis.com/v1/projects/traveltrek-53a65:testIamPermissions x-goog-quota-user=projects/traveltrek-53a65
[debug] [2023-12-07T23:48:33.681Z] >>> [apiv2][body] POST https://cloudresourcemanager.googleapis.com/v1/projects/traveltrek-53a65:testIamPermissions {"permissions":["firebase.projects.get"]}
[debug] [2023-12-07T23:48:33.771Z] <<< [apiv2][status] POST https://cloudresourcemanager.googleapis.com/v1/projects/traveltrek-53a65:testIamPermissions 200
[debug] [2023-12-07T23:48:33.771Z] <<< [apiv2][body] POST https://cloudresourcemanager.googleapis.com/v1/projects/traveltrek-53a65:testIamPermissions {"permissions":["firebase.projects.get"]}
[debug] [2023-12-07T23:48:33.772Z] >>> [apiv2][query] GET https://firebase.googleapis.com/v1beta1/projects/traveltrek-53a65 [none]
[debug] [2023-12-07T23:48:34.097Z] <<< [apiv2][status] GET https://firebase.googleapis.com/v1beta1/projects/traveltrek-53a65 200
[debug] [2023-12-07T23:48:34.097Z] <<< [apiv2][body] GET https://firebase.googleapis.com/v1beta1/projects/traveltrek-53a65 {"projectId":"traveltrek-53a65","projectNumber":"918824419458","displayName":"TravelTrek","name":"projects/traveltrek-53a65","resources":{"hostingSite":"traveltrek-53a65","realtimeDatabaseInstance":"traveltrek-53a65-default-rtdb"},"state":"ACTIVE","etag":"1_a2c23cc4-87f1-4b04-8f29-eb454920bc58"}
[info] 
[info] === Serving from 'C:\Users\adith\Documents\GitHub\447'...
[info] 
[debug] [2023-12-07T23:48:34.103Z] >>> [apiv2][query] GET https://firebasehosting.googleapis.com/v1beta1/projects/traveltrek-53a65/sites 
[debug] [2023-12-07T23:48:34.781Z] <<< [apiv2][status] GET https://firebasehosting.googleapis.com/v1beta1/projects/traveltrek-53a65/sites 200
[debug] [2023-12-07T23:48:34.781Z] <<< [apiv2][body] GET https://firebasehosting.googleapis.com/v1beta1/projects/traveltrek-53a65/sites {"sites":[{"name":"projects/traveltrek-53a65/sites/traveltrek-53a65","defaultUrl":"https://traveltrek-53a65.web.app","appId":"1:918824419458:web:2a5479f06f8df3042c349b","type":"DEFAULT_SITE"}]}
[debug] [2023-12-07T23:48:34.781Z] >>> [apiv2][query] GET https://firebase.googleapis.com/v1beta1/projects/traveltrek-53a65/webApps/1:918824419458:web:2a5479f06f8df3042c349b/config [none]
[debug] [2023-12-07T23:48:35.128Z] <<< [apiv2][status] GET https://firebase.googleapis.com/v1beta1/projects/traveltrek-53a65/webApps/1:918824419458:web:2a5479f06f8df3042c349b/config 200
[debug] [2023-12-07T23:48:35.128Z] <<< [apiv2][body] GET https://firebase.googleapis.com/v1beta1/projects/traveltrek-53a65/webApps/1:918824419458:web:2a5479f06f8df3042c349b/config {"projectId":"traveltrek-53a65","appId":"1:918824419458:web:2a5479f06f8df3042c349b","databaseURL":"https://traveltrek-53a65-default-rtdb.firebaseio.com","storageBucket":"traveltrek-53a65.appspot.com","apiKey":"AIzaSyC9US9mLbq0KoY2XKB8sy8--CsfDlqRsw0","authDomain":"traveltrek-53a65.firebaseapp.com","messagingSenderId":"918824419458","measurementId":"G-LYNQCV1WDT"}
[debug] [2023-12-07T23:48:35.139Z] >>> [apiv2][query] GET https://firebase.googleapis.com/v1beta1/projects/traveltrek-53a65 [none]
[debug] [2023-12-07T23:48:35.256Z] <<< [apiv2][status] GET https://firebase.googleapis.com/v1beta1/projects/traveltrek-53a65 200
[debug] [2023-12-07T23:48:35.256Z] <<< [apiv2][body] GET https://firebase.googleapis.com/v1beta1/projects/traveltrek-53a65 {"projectId":"traveltrek-53a65","projectNumber":"918824419458","displayName":"TravelTrek","name":"projects/traveltrek-53a65","resources":{"hostingSite":"traveltrek-53a65","realtimeDatabaseInstance":"traveltrek-53a65-default-rtdb"},"state":"ACTIVE","etag":"1_a2c23cc4-87f1-4b04-8f29-eb454920bc58"}
[info] i  hosting[traveltrek-53a65]: Serving hosting files from: public {"metadata":{"emulator":{"name":"hosting"},"message":"Serving hosting files from: \u001b[1mpublic\u001b[22m"}}
[info] +  hosting[traveltrek-53a65]: Local server: http://localhost:5000 {"metadata":{"emulator":{"name":"hosting"},"message":"Local server: \u001b[4m\u001b[1mhttp://localhost:5000\u001b[22m\u001b[24m"}}
